<?xml version="1.0" encoding="UTF-8"?>
<!-- Generated by org.testng.reporters.JUnitXMLReporter -->
<testsuite ignored="0" hostname="LAPTOP-D4RH5SI9" failures="0" tests="3" name="Chrome" time="0.209" errors="0" timestamp="2023-12-03T12:28:36 GMT+05:30">
  <testcase classname="GenericUtilities.BaseClass" name="@BeforeClass config_BC" time="-1.701586715809E9">
    <failure type="org.testng.TestNGException" message="
Parameter &amp;apos;browse&amp;apos; is required by BeforeClass on method config_BC but has not been marked @Optional or defined
in C:\Users\hp\eclipse-workspace\SeleniumMock\crossBrowser.xml">
      <![CDATA[org.testng.TestNGException: 
Parameter 'browse' is required by BeforeClass on method config_BC but has not been marked @Optional or defined
in C:\Users\hp\eclipse-workspace\SeleniumMock\crossBrowser.xml
at java.base/java.util.ArrayList.forEach(ArrayList.java:1511)
at java.base/java.util.concurrent.FutureTask.run(FutureTask.java:264)
at java.base/java.util.concurrent.ThreadPoolExecutor.runWorker(ThreadPoolExecutor.java:1136)
at java.base/java.util.concurrent.ThreadPoolExecutor$Worker.run(ThreadPoolExecutor.java:635)
at java.base/java.lang.Thread.run(Thread.java:842)
... Removed 12 stack frames]]>
    </failure>
  </testcase> <!-- @BeforeClass config_BC -->
  <testcase classname="GenericUtilities.BaseClass" name="@BeforeClass config_BC" time="-1.701586715852E9">
    <failure type="org.testng.TestNGException" message="
Parameter &amp;apos;browse&amp;apos; is required by BeforeClass on method config_BC but has not been marked @Optional or defined
in C:\Users\hp\eclipse-workspace\SeleniumMock\crossBrowser.xml">
      <![CDATA[org.testng.TestNGException: 
Parameter 'browse' is required by BeforeClass on method config_BC but has not been marked @Optional or defined
in C:\Users\hp\eclipse-workspace\SeleniumMock\crossBrowser.xml
at java.base/java.util.ArrayList.forEach(ArrayList.java:1511)
at java.base/java.util.concurrent.FutureTask.run(FutureTask.java:264)
at java.base/java.util.concurrent.ThreadPoolExecutor.runWorker(ThreadPoolExecutor.java:1136)
at java.base/java.util.concurrent.ThreadPoolExecutor$Worker.run(ThreadPoolExecutor.java:635)
at java.base/java.lang.Thread.run(Thread.java:842)
... Removed 12 stack frames]]>
    </failure>
  </testcase> <!-- @BeforeClass config_BC -->
  <testcase classname="GenericUtilities.BaseClass" name="@BeforeMethod config_BM" time="0.0">
    <skipped/>
  </testcase> <!-- @BeforeMethod config_BM -->
  <testcase classname="GenericUtilities.BaseClass" name="@AfterMethod config_AM" time="0.0">
    <skipped/>
  </testcase> <!-- @AfterMethod config_AM -->
  <testcase classname="GenericUtilities.BaseClass" name="@BeforeMethod config_BM" time="0.0">
    <skipped/>
  </testcase> <!-- @BeforeMethod config_BM -->
  <testcase classname="GenericUtilities.BaseClass" name="@AfterMethod config_AM" time="0.0">
    <skipped/>
  </testcase> <!-- @AfterMethod config_AM -->
  <testcase classname="GenericUtilities.BaseClass" name="@BeforeMethod config_BM" time="0.0">
    <skipped/>
  </testcase> <!-- @BeforeMethod config_BM -->
  <testcase classname="GenericUtilities.BaseClass" name="@AfterMethod config_AM" time="0.0">
    <skipped/>
  </testcase> <!-- @AfterMethod config_AM -->
  <testcase classname="GenericUtilities.BaseClass" name="@AfterClass config_AC" time="0.0">
    <skipped/>
  </testcase> <!-- @AfterClass config_AC -->
  <testcase classname="TestNG.Priority" name="testC" time="0.0">
    <skipped/>
  </testcase> <!-- testC -->
  <testcase classname="TestNG.Priority" name="testB" time="0.001">
    <skipped/>
  </testcase> <!-- testB -->
  <testcase classname="TestNG.Priority" name="testA" time="0.0">
    <skipped/>
  </testcase> <!-- testA -->
</testsuite> <!-- Chrome -->
