<?xml version="1.0" encoding="UTF-8"?>
<!-- Generated by org.testng.reporters.JUnitReportReporter -->
<testsuite hostname="LAPTOP-D4RH5SI9" failures="0" tests="5" name="TestNG.DataProviderExcel" time="-1701586688.000" errors="1" timestamp="2023-12-03T12:28:38 GMT+05:30" skipped="4">
  <testcase classname="TestNG.DataProviderExcel" name="test" time="0.002">
    <skipped/>
  </testcase> <!-- test -->
  <system-out/>
  <testcase classname="TestNG.DataProviderExcel" name="test" time="0.000">
    <skipped/>
  </testcase> <!-- test -->
  <system-out/>
  <testcase classname="TestNG.DataProviderExcel" name="test" time="0.001">
    <skipped/>
  </testcase> <!-- test -->
  <system-out/>
  <testcase classname="TestNG.DataProviderExcel" name="config_BC" time="-1701586688.000">
    <error message="
Parameter &#039;browse&#039; is required by BeforeClass on method config_BC but has not been marked @Optional or defined
in C:\Users\hp\eclipse-workspace\SeleniumMock\crossBrowser.xml" type="org.testng.TestNGException">
      <![CDATA[org.testng.TestNGException: 
Parameter 'browse' is required by BeforeClass on method config_BC but has not been marked @Optional or defined
in C:\Users\hp\eclipse-workspace\SeleniumMock\crossBrowser.xml
at org.testng.internal.Parameters.createParams(Parameters.java:267)
at org.testng.internal.Parameters.createParametersForMethod(Parameters.java:355)
at org.testng.internal.Parameters.createParameters(Parameters.java:684)
at org.testng.internal.Parameters.createConfigurationParameters(Parameters.java:166)
at org.testng.internal.invokers.ConfigInvoker.invokeConfigurations(ConfigInvoker.java:277)
at org.testng.internal.invokers.TestMethodWorker.invokeBeforeClassMethods(TestMethodWorker.java:180)
at org.testng.internal.invokers.TestMethodWorker.run(TestMethodWorker.java:122)
at java.base/java.util.ArrayList.forEach(ArrayList.java:1511)
at org.testng.TestRunner.privateRun(TestRunner.java:829)
at org.testng.TestRunner.run(TestRunner.java:602)
at org.testng.SuiteRunner.runTest(SuiteRunner.java:437)
at org.testng.SuiteRunner$SuiteWorker.run(SuiteRunner.java:475)
at org.testng.internal.thread.ThreadUtil.lambda$execute$0(ThreadUtil.java:58)
at java.base/java.util.concurrent.FutureTask.run(FutureTask.java:264)
at java.base/java.util.concurrent.ThreadPoolExecutor.runWorker(ThreadPoolExecutor.java:1136)
at java.base/java.util.concurrent.ThreadPoolExecutor$Worker.run(ThreadPoolExecutor.java:635)
at java.base/java.lang.Thread.run(Thread.java:842)
]]>
    </error>
  </testcase> <!-- config_BC -->
  <system-out/>
  <testcase classname="TestNG.DataProviderExcel" name="test" time="0.000">
    <skipped/>
  </testcase> <!-- test -->
  <system-out/>
</testsuite> <!-- TestNG.DataProviderExcel -->
